<?xml version="1.0" encoding="UTF-8"?>
<testsuite xmlns:xsi="http://www.w3.org/2001/XMLSchema-instance" xsi:noNamespaceSchemaLocation="https://maven.apache.org/surefire/maven-surefire-plugin/xsd/surefire-test-report-3.0.xsd" version="3.0" name="com.dch.ExpressionParserTest" time="0.027" tests="5" errors="0" skipped="0" failures="0">
  <properties>
[...]
</properties>
  <testcase name="shouldCalculateDivisionCorrectly" classname="com.dch.ExpressionParserTest" time="0.014"/>
  <testcase name="shouldThrowExceptionForDivisionByZero" classname="com.dch.ExpressionParserTest" time="0.001"/>
  <testcase name="shouldCalculateAdditionCorrectly" classname="com.dch.ExpressionParserTest" time="0"/>
  <testcase name="shouldCalculateSubtractionCorrectly" classname="com.dch.ExpressionParserTest" time="0"/>
  <testcase name="shouldCalculateMultiplicationCorrectly" classname="com.dch.ExpressionParserTest" time="0.001"/>
</testsuite>